Unable to capture context for thread 7752 in process 12076, can not generate back trace
Unable to capture context for thread 15488 in process 12076, can not generate back trace
Unable to capture context for thread 11204 in process 12076, can not generate back trace
Exception at PC 0x00007FFEDD4FBB93
Printing stacktrace...

Unable to capture context for thread 11204 in process 12076, can not generate back trace
Exception at PC 0x00007FFF35A83FB8
Exception at PC 0x00007FFF35A83FB8
Exception at PC 0x00007FFF35A83FB8
Exception at PC 0x00007FFF35A83FB8
Exception at PC 0x00007FFF35A83FB8
Exception at PC 0x00007FFF35A83FB8
Exception at PC 0x00007FFF35A83FB8
Exception at PC 0x00007FFF35A83FB8
Exception at PC 0x00007FFF35A83FB8
Exception at PC 0x00007FFF35A83FB8
Exception at PC 0x00007FFF35A83FB8
Exception at PC 0x00007FFF35A83FB8
Exception at PC 0x00007FFF35A83FB8
Exception at PC 0x00007FFF35A83FB8
Exception at PC 0x00007FFF35A83FB8
Exception at PC 0x00007FFF35A83FB8
Exception at PC 0x00007FFF35A83FB8
[0]  [0x00007FFEDD4FBB93]
[1]  [0x00007FFEDD4FBB93]
[2]  [0x00007FFEDD4FB4A1]
[3]  [0x00007FFEDD4FB3EF]
[4]  [0x00007FFEDD4E19FE]
[5]  [0x00007FFEDD4E0ED1]
[6]  [0x00007FFEDD4E0D76]
[7]  [0x00007FFEDD4879F6]
[8]  [0x00007FFEDD477AFB]
[9]  [0x00007FFEDD59E90A]
[10]  [0x00007FFEDD5B9F87]
[11]  [0x00007FFEDD5BA05F]
[12] (BaseThreadInitThunk+0x14) [0x00007FFF38C31FE4]
[13] (RtlUserThreadStart+0x21) [0x00007FFF395DEF91]
Done
Exception at PC 0x00007FFF35A83FB8
Exception at PC 0x00007FFEDD201A52
Attemped to write at address 0x00007FFF14069BA4
Printing stacktrace...

[0]  [0x00007FFEDD201A52]
[1]  [0x00007FFEDD201A52]
[2]  [0x00007FFEDD201AD4]
[3]  [0x00007FFEDD343FF7]
[4]  [0x00007FFEDD229128]
[5]  [0x00007FFEDD4DDFB9]
[6]  [0x00007FFEDD6AEF23]
[7]  [0x00007FFEDD5BB06B]
[8]  [0x00007FFEDD5B08AF]
[9]  [0x00007FFEDD5B0A32]
[10] (RtlDeactivateActivationContextUnsafeFast+0x1b3) [0x00007FFF39581473]
[11] (LdrShutdownProcess+0x125) [0x00007FFF395B0695]
[12] (RtlExitUserProcess+0xb4) [0x00007FFF395B0554]
[13] (ExitProcess+0xa) [0x00007FFF38C2F06A]
[14] (exit+0x75) [0x00007FFF36A89B25]
[15] (initterm_e+0x21d) [0x00007FFF36A8A16D]
[16]  [0x00000000004014CD]
[17]  [0x000000000040151B]
[18] (BaseThreadInitThunk+0x14) [0x00007FFF38C31FE4]
[19] (RtlUserThreadStart+0x21) [0x00007FFF395DEF91]
Done
